
2024/06/01 (23:52:35) | ===> btop++ v.1.2.3
2024/06/01 (23:52:35) | ERROR: No UTF-8 locale detected!
Use --utf-force argument to force start if you're sure your terminal can handle it.

2024/06/01 (23:53:04) | ===> btop++ v.1.2.3
2024/06/01 (23:53:04) | WARNING: No UTF-8 locale detected! Forcing start with --utf-force argument.

2024/06/01 (23:54:22) | ===> btop++ v.1.2.3
2024/06/01 (23:54:22) | ERROR: No UTF-8 locale detected!
Use --utf-force argument to force start if you're sure your terminal can handle it.

2024/06/01 (23:54:23) | ===> btop++ v.1.2.3
2024/06/01 (23:54:23) | WARNING: No UTF-8 locale detected! Forcing start with --utf-force argument.

2024/06/02 (20:53:52) | ===> btop++ v.1.2.3
2024/06/02 (20:53:52) | ERROR: No UTF-8 locale detected!
Use --utf-force argument to force start if you're sure your terminal can handle it.

2024/06/02 (20:54:15) | ===> btop++ v.1.2.3
2024/06/02 (20:54:15) | WARNING: No UTF-8 locale detected! Forcing start with --utf-force argument.

2024/06/02 (20:57:07) | ===> btop++ v.1.2.3
2024/06/02 (20:57:07) | WARNING: No UTF-8 locale detected! Forcing start with --utf-force argument.

2024/06/02 (20:57:49) | ===> btop++ v.1.2.3
2024/06/02 (20:57:49) | WARNING: No UTF-8 locale detected! Forcing start with --utf-force argument.

2024/06/03 (09:18:26) | ===> btop++ v.1.2.3
2024/06/03 (09:18:26) | WARNING: No UTF-8 locale detected! Forcing start with --utf-force argument.

2024/06/07 (19:05:09) | ===> btop++ v.1.2.3
2024/06/07 (19:05:09) | WARNING: No UTF-8 locale detected! Forcing start with --utf-force argument.

2024/06/09 (15:52:34) | ===> btop++ v.1.2.3
2024/06/09 (15:52:34) | WARNING: No UTF-8 locale detected! Forcing start with --utf-force argument.

2024/06/09 (15:53:42) | ===> btop++ v.1.2.3
2024/06/09 (15:53:42) | ERROR: No UTF-8 locale detected!
Use --utf-force argument to force start if you're sure your terminal can handle it.

2024/06/09 (15:53:45) | ===> btop++ v.1.2.3
2024/06/09 (15:53:45) | ERROR: No UTF-8 locale detected!
Use --utf-force argument to force start if you're sure your terminal can handle it.

2024/06/09 (15:54:38) | ===> btop++ v.1.2.3
2024/06/09 (15:54:38) | ERROR: No UTF-8 locale detected!
Use --utf-force argument to force start if you're sure your terminal can handle it.

2024/06/09 (15:54:41) | ===> btop++ v.1.2.3
2024/06/09 (15:54:41) | ERROR: No UTF-8 locale detected!
Use --utf-force argument to force start if you're sure your terminal can handle it.

2024/06/09 (15:56:09) | ===> btop++ v.1.2.3
2024/06/09 (15:56:09) | ERROR: No UTF-8 locale detected!
Use --utf-force argument to force start if you're sure your terminal can handle it.

2024/06/09 (16:18:58) | ===> btop++ v.1.2.3
2024/06/09 (16:18:58) | WARNING: No UTF-8 locale detected! Forcing start with --utf-force argument.

2024/06/09 (20:06:34) | ===> btop++ v.1.2.3
2024/06/09 (20:06:34) | WARNING: No UTF-8 locale detected! Forcing start with --utf-force argument.

2024/06/16 (18:32:55) | ===> btop++ v.1.2.3
2024/06/16 (18:32:55) | WARNING: No UTF-8 locale detected! Forcing start with --utf-force argument.

2024/06/17 (18:52:46) | ===> btop++ v.1.2.3
2024/06/17 (18:52:46) | WARNING: No UTF-8 locale detected! Forcing start with --utf-force argument.

2024/06/24 (12:22:39) | ===> btop++ v.1.3.2
2024/06/24 (12:22:39) | ERROR: No tty detected!
btop++ needs an interactive shell to run.

2024/08/06 (19:08:44) | ===> btop++ v.1.3.2
2024/08/06 (19:08:44) | ERROR: No tty detected!
btop++ needs an interactive shell to run.

2024/08/06 (19:08:53) | ===> btop++ v.1.3.2
2024/08/06 (19:08:53) | ERROR: No tty detected!
btop++ needs an interactive shell to run.

2024/09/23 (21:39:06) | ===> btop++ v.1.4.0
2024/09/23 (21:39:06) | WARNING: Intel GPU: Failed to initialize PMU

2024/09/25 (22:12:24) | ===> btop++ v.1.4.0
2024/09/25 (22:12:24) | WARNING: Intel GPU: Failed to initialize PMU

2024/09/26 (22:27:51) | ===> btop++ v.1.4.0
2024/09/26 (22:27:51) | WARNING: Intel GPU: Failed to initialize PMU

2024/09/28 (03:35:38) | ===> btop++ v.1.4.0
2024/09/28 (03:35:38) | WARNING: Intel GPU: Failed to initialize PMU

2024/09/30 (15:55:33) | ===> btop++ v.1.4.0
2024/09/30 (15:55:33) | WARNING: Intel GPU: Failed to initialize PMU

2024/10/03 (02:58:51) | ===> btop++ v.1.4.0
2024/10/03 (02:58:51) | WARNING: Intel GPU: Failed to initialize PMU
